\BOOKMARK [1][-]{table.caption.2}{Table of Contents}{}% 1
\BOOKMARK [1][-]{section*.3}{List of Figures}{}% 2
\BOOKMARK [1][-]{section*.4}{List of Tables}{}% 3
\BOOKMARK [1][-]{section.1}{Introduction}{}% 4
\BOOKMARK [2][-]{subsection.1.1}{Purpose}{section.1}% 5
\BOOKMARK [2][-]{subsection.1.2}{Scope}{section.1}% 6
\BOOKMARK [2][-]{subsection.1.3}{Definitions, Acronyms, Abbreviations}{section.1}% 7
\BOOKMARK [3][-]{subsubsection.1.3.1}{Definitions}{subsection.1.3}% 8
\BOOKMARK [3][-]{subsubsection.1.3.2}{Acronyms}{subsection.1.3}% 9
\BOOKMARK [3][-]{subsubsection.1.3.3}{Abbreviations}{subsection.1.3}% 10
\BOOKMARK [2][-]{subsection.1.4}{Revision History}{section.1}% 11
\BOOKMARK [2][-]{subsection.1.5}{Reference Documents}{section.1}% 12
\BOOKMARK [1][-]{section.2}{Overall Description}{}% 13
\BOOKMARK [1][-]{section.3}{Architectural Design}{}% 14
\BOOKMARK [2][-]{subsection.3.1}{External Interface Requirements}{section.3}% 15
\BOOKMARK [3][-]{subsubsection.3.1.1}{User Interfaces}{subsection.3.1}% 16
\BOOKMARK [3][-]{subsubsection.3.1.2}{Hardware Interfaces}{subsection.3.1}% 17
\BOOKMARK [3][-]{subsubsection.3.1.3}{Software Interfaces}{subsection.3.1}% 18
\BOOKMARK [3][-]{subsubsection.3.1.4}{Communication Interfaces}{subsection.3.1}% 19
\BOOKMARK [2][-]{subsection.3.2}{Functional Requirements}{section.3}% 20
\BOOKMARK [2][-]{subsection.3.3}{Performance Requirements}{section.3}% 21
\BOOKMARK [1][-]{section.4}{User Interface Design}{}% 22
